#
# There is insufficient memory for the Java Runtime Environment to continue.
# Native memory allocation (mmap) failed to map 73400320 bytes. Error detail: G1 virtual space
# Possible reasons:
#   The system is out of physical RAM or swap space
#   This process is running with CompressedOops enabled, and the Java Heap may be blocking the growth of the native heap
# Possible solutions:
#   Reduce memory load on the system
#   Increase physical memory or swap space
#   Check if swap backing store is full
#   Decrease Java heap size (-Xmx/-Xms)
#   Decrease number of Java threads
#   Decrease Java thread stack sizes (-Xss)
#   Set larger code cache with -XX:ReservedCodeCacheSize=
#   JVM is running with Zero Based Compressed Oops mode in which the Java heap is
#     placed in the first 32GB address space. The Java Heap base address is the
#     maximum limit for the native heap growth. Please use -XX:HeapBaseMinAddress
#     to set the Java Heap base and to place the Java Heap above 32GB virtual address.
# This output file may be truncated or incomplete.
#
#  Out of Memory Error (os_windows.cpp:3707), pid=612, tid=10820
#
# JRE version: OpenJDK Runtime Environment GraalVM CE 23.0.2+7.1 (23.0.2+7) (build 23.0.2+7-jvmci-b01)
# Java VM: OpenJDK 64-Bit Server VM GraalVM CE 23.0.2+7.1 (23.0.2+7-jvmci-b01, mixed mode, sharing, tiered, jvmci, jvmci compiler, compressed oops, compressed class ptrs, g1 gc, windows-amd64)
# Core dump will be written. Default location: C:\Users\ADMINI~1\AppData\Local\Temp\junit-7163463755445280440\hs_err_pid612.mdmp
#

---------------  S U M M A R Y ------------

Command Line: -XX:ThreadPriorityPolicy=1 -XX:+UnlockExperimentalVMOptions -XX:+EnableJVMCIProduct -XX:-UnlockExperimentalVMOptions -Dmaven.multiModuleProjectDirectory=C:\Users\ADMINI~1\AppData\Local\Temp\junit-7163463755445280440 org.apache.maven.wrapper.MavenWrapperMain site --file C:\Users\ADMINI~1\AppData\Local\Temp\junit-7163463755445280440\licenses5842246585675316268\pom.xml

Host: Intel(R) Xeon(R) Gold 6230R CPU @ 2.10GHz, 6 cores, 15G,  Windows Server 2022 , 64 bit Build 20348 (10.0.20348.2849)
Time: Thu Jul 31 18:19:12 2025 Coordinated Universal Time elapsed time: 29.927745 seconds (0d 0h 0m 29s)

---------------  T H R E A D  ---------------

Current thread (0x000001fbb668ecc0):  VMThread "VM Thread"          [id=10820, stack(0x000000b303600000,0x000000b303700000) (1024K)]

Stack: [0x000000b303600000,0x000000b303700000]
Native frames: (J=compiled Java code, j=interpreted, Vv=VM code, C=native code)
V  [jvm.dll+0x6e0b99]  (no source info available)
V  [jvm.dll+0x87e2b3]  (no source info available)
V  [jvm.dll+0x88073e]  (no source info available)
V  [jvm.dll+0x880e13]  (no source info available)
V  [jvm.dll+0x27b006]  (no source info available)
V  [jvm.dll+0x6dd485]  (no source info available)
V  [jvm.dll+0x6d127a]  (no source info available)
V  [jvm.dll+0x35b50a]  (no source info available)
V  [jvm.dll+0x363916]  (no source info available)
V  [jvm.dll+0x34fe7e]  (no source info available)
V  [jvm.dll+0x350118]  (no source info available)
V  [jvm.dll+0x328aec]  (no source info available)
V  [jvm.dll+0x328b7a]  (no source info available)
V  [jvm.dll+0x374db2]  (no source info available)
V  [jvm.dll+0x3734b2]  (no source info available)
V  [jvm.dll+0x3282c7]  (no source info available)
V  [jvm.dll+0x372c64]  (no source info available)
V  [jvm.dll+0x886d50]  (no source info available)
V  [jvm.dll+0x888077]  (no source info available)
V  [jvm.dll+0x8885a8]  (no source info available)
V  [jvm.dll+0x888843]  (no source info available)
V  [jvm.dll+0x8254cb]  (no source info available)
V  [jvm.dll+0x6df345]  (no source info available)
C  [ucrtbase.dll+0x26b4c]  (no source info available)
C  [KERNEL32.DLL+0x14cb0]  (no source info available)
C  [ntdll.dll+0x7edcb]  (no source info available)

VM_Operation (0x000000b302ffd6e0): G1CollectForAllocation, mode: safepoint, requested by thread 0x000001fb950ec140


---------------  P R O C E S S  ---------------

Threads class SMR info:
_java_thread_list=0x000001fb80693e30, length=11, elements={
0x000001fb950ec140, 0x000001fbb66a8bb0, 0x000001fbb66abed0, 0x000001fbb66adb90,
0x000001fbb66ae5f0, 0x000001fbb66af050, 0x000001fbb66b6d30, 0x000001fbb66bafc0,
0x000001fbb66bc190, 0x000001fbb67925f0, 0x000001fbb683db70
}

Java Threads: ( => current thread )
  0x000001fb950ec140 JavaThread "main"                              [_thread_blocked, id=5792, stack(0x000000b302f00000,0x000000b303000000) (1024K)]
  0x000001fbb66a8bb0 JavaThread "Reference Handler"          daemon [_thread_blocked, id=12036, stack(0x000000b303700000,0x000000b303800000) (1024K)]
  0x000001fbb66abed0 JavaThread "Finalizer"                  daemon [_thread_blocked, id=6560, stack(0x000000b303800000,0x000000b303900000) (1024K)]
  0x000001fbb66adb90 JavaThread "Signal Dispatcher"          daemon [_thread_blocked, id=7692, stack(0x000000b303900000,0x000000b303a00000) (1024K)]
  0x000001fbb66ae5f0 JavaThread "Attach Listener"            daemon [_thread_blocked, id=7212, stack(0x000000b303a00000,0x000000b303b00000) (1024K)]
  0x000001fbb66af050 JavaThread "Service Thread"             daemon [_thread_blocked, id=8408, stack(0x000000b303b00000,0x000000b303c00000) (1024K)]
  0x000001fbb66b6d30 JavaThread "Monitor Deflation Thread"   daemon [_thread_blocked, id=8812, stack(0x000000b303c00000,0x000000b303d00000) (1024K)]
  0x000001fbb66bafc0 JavaThread "JVMCI-native CompilerThread0" daemon [_thread_blocked, id=9912, stack(0x000000b303d00000,0x000000b303e00000) (1024K)]
  0x000001fbb66bc190 JavaThread "C1 CompilerThread0"         daemon [_thread_blocked, id=9284, stack(0x000000b303e00000,0x000000b303f00000) (1024K)]
  0x000001fbb67925f0 JavaThread "Common-Cleaner"             daemon [_thread_blocked, id=6528, stack(0x000000b303f00000,0x000000b304000000) (1024K)]
  0x000001fbb683db70 JavaThread "Notification Thread"        daemon [_thread_blocked, id=8312, stack(0x000000b304100000,0x000000b304200000) (1024K)]
Total: 11

Other Threads:
=>0x000001fbb668ecc0 VMThread "VM Thread"                           [id=10820, stack(0x000000b303600000,0x000000b303700000) (1024K)]
  0x000001fbb667a630 WatcherThread "VM Periodic Task Thread"        [id=5364, stack(0x000000b303500000,0x000000b303600000) (1024K)]
  0x000001fb961929c0 WorkerThread "GC Thread#0"                     [id=7884, stack(0x000000b303000000,0x000000b303100000) (1024K)]
  0x000001fbfe9caa00 WorkerThread "GC Thread#1"                     [id=11928, stack(0x000000b304200000,0x000000b304300000) (1024K)]
  0x000001fbfe9cadb0 WorkerThread "GC Thread#2"                     [id=4940, stack(0x000000b304300000,0x000000b304400000) (1024K)]
  0x000001fbfe9cb160 WorkerThread "GC Thread#3"                     [id=9868, stack(0x000000b304400000,0x000000b304500000) (1024K)]
  0x000001fbfe9cb510 WorkerThread "GC Thread#4"                     [id=7724, stack(0x000000b304500000,0x000000b304600000) (1024K)]
  0x000001fbfe9cb8c0 WorkerThread "GC Thread#5"                     [id=260, stack(0x000000b304600000,0x000000b304700000) (1024K)]
  0x000001fb961a7bc0 ConcurrentGCThread "G1 Main Marker"            [id=2152, stack(0x000000b303100000,0x000000b303200000) (1024K)]
  0x000001fb961a86d0 WorkerThread "G1 Conc#0"                       [id=8868, stack(0x000000b303200000,0x000000b303300000) (1024K)]
  0x000001fbff197b90 WorkerThread "G1 Conc#1"                       [id=4748, stack(0x000000b304700000,0x000000b304800000) (1024K)]
  0x000001fb961ee210 ConcurrentGCThread "G1 Refine#0"               [id=6232, stack(0x000000b303300000,0x000000b303400000) (1024K)]
  0x000001fbb653e550 ConcurrentGCThread "G1 Service"                [id=1812, stack(0x000000b303400000,0x000000b303500000) (1024K)]
Total: 13

Threads with active compile tasks:
Total: 0

VM state: at safepoint (normal execution)

VM Mutex/Monitor currently owned by a thread:  ([mutex/lock_event])
[0x00007ffd50c23888] Threads_lock - owner thread: 0x000001fbb668ecc0
[0x00007ffd50c23988] Heap_lock - owner thread: 0x000001fb950ec140

Heap address: 0x0000000700000000, size: 4096 MB, Compressed Oops mode: Zero based, Oop shift amount: 3

CDS archive(s) mapped at: [0x000001fbb7000000-0x000001fbb7d70000-0x000001fbb7d70000), size 14090240, SharedBaseAddress: 0x000001fbb7000000, ArchiveRelocationMode: 1.
Compressed class space mapped at: 0x000001fbb8000000-0x000001fbf8000000, reserved size: 1073741824
Narrow klass base: 0x000001fbb7000000, Narrow klass shift: 0, Narrow klass range: 0x41000000

GC Precious Log:
 CardTable entry size: 512
 Card Set container configuration: InlinePtr #cards 4 size 8 Array Of Cards #cards 16 size 48 Howl #buckets 8 coarsen threshold 3686 Howl Bitmap #cards 512 size 80 coarsen threshold 460 Card regions per heap region 1 cards per card region 4096
 CPUs: 6 total, 6 available
 Memory: 16383M
 Large Page Support: Disabled
 NUMA Support: Disabled
 Compressed Oops: Enabled (Zero based)
 Heap Region Size: 2M
 Heap Min Capacity: 8M
 Heap Initial Capacity: 256M
 Heap Max Capacity: 4G
 Pre-touch: Disabled
 Parallel Workers: 6
 Concurrent Workers: 2
 Concurrent Refinement Workers: 6
 Periodic GC: Disabled

Heap:
 garbage-first heap   total reserved 4194304K, committed 350208K, used 173264K [0x0000000700000000, 0x0000000800000000)
  region size 2048K, 7 young (14336K), 7 survivors (14336K)
 Metaspace       used 28647K, committed 29184K, reserved 1114112K
  class space    used 3074K, committed 3328K, reserved 1048576K

Heap Regions: E=young(eden), S=young(survivor), O=old, HS=humongous(starts), HC=humongous(continues), CS=collection set, F=free, TAMS=top-at-mark-start, PB=parsable bottom
|   0|0x0000000700000000, 0x0000000700200000, 0x0000000700200000|100%| O|  |TAMS 0x0000000700000000| PB 0x0000000700000000| Untracked |  0
|   1|0x0000000700200000, 0x0000000700400000, 0x0000000700400000|100%| O|  |TAMS 0x0000000700200000| PB 0x0000000700200000| Untracked |  0
|   2|0x0000000700400000, 0x0000000700600000, 0x0000000700600000|100%| O|  |TAMS 0x0000000700400000| PB 0x0000000700400000| Untracked |  0
|   3|0x0000000700600000, 0x0000000700800000, 0x0000000700800000|100%| O|  |TAMS 0x0000000700600000| PB 0x0000000700600000| Untracked |  0
|   4|0x0000000700800000, 0x0000000700a00000, 0x0000000700a00000|100%| O|  |TAMS 0x0000000700800000| PB 0x0000000700800000| Untracked |  0
|   5|0x0000000700a00000, 0x0000000700c00000, 0x0000000700c00000|100%| O|  |TAMS 0x0000000700a00000| PB 0x0000000700a00000| Untracked |  0
|   6|0x0000000700c00000, 0x0000000700e00000, 0x0000000700e00000|100%| O|  |TAMS 0x0000000700c00000| PB 0x0000000700c00000| Untracked |  0
|   7|0x0000000700e00000, 0x0000000701000000, 0x0000000701000000|100%| O|  |TAMS 0x0000000700e00000| PB 0x0000000700e00000| Untracked |  0
|   8|0x0000000701000000, 0x0000000701200000, 0x0000000701200000|100%| O|  |TAMS 0x0000000701000000| PB 0x0000000701000000| Untracked |  0
|   9|0x0000000701200000, 0x0000000701400000, 0x0000000701400000|100%| O|  |TAMS 0x0000000701200000| PB 0x0000000701200000| Untracked |  0
|  10|0x0000000701400000, 0x0000000701600000, 0x0000000701600000|100%| O|  |TAMS 0x0000000701400000| PB 0x0000000701400000| Untracked |  0
|  11|0x0000000701600000, 0x0000000701800000, 0x0000000701800000|100%| O|  |TAMS 0x0000000701600000| PB 0x0000000701600000| Untracked |  0
|  12|0x0000000701800000, 0x0000000701a00000, 0x0000000701a00000|100%| O|  |TAMS 0x0000000701800000| PB 0x0000000701800000| Untracked |  0
|  13|0x0000000701a00000, 0x0000000701c00000, 0x0000000701c00000|100%| O|  |TAMS 0x0000000701a00000| PB 0x0000000701a00000| Untracked |  0
|  14|0x0000000701c00000, 0x0000000701e00000, 0x0000000701e00000|100%| O|  |TAMS 0x0000000701c00000| PB 0x0000000701c00000| Untracked |  0
|  15|0x0000000701e00000, 0x0000000702000000, 0x0000000702000000|100%| O|  |TAMS 0x0000000701e00000| PB 0x0000000701e00000| Untracked |  0
|  16|0x0000000702000000, 0x0000000702200000, 0x0000000702200000|100%| O|  |TAMS 0x0000000702000000| PB 0x0000000702000000| Untracked |  0
|  17|0x0000000702200000, 0x0000000702400000, 0x0000000702400000|100%| O|  |TAMS 0x0000000702200000| PB 0x0000000702200000| Untracked |  0
|  18|0x0000000702400000, 0x0000000702600000, 0x0000000702600000|100%| O|  |TAMS 0x0000000702400000| PB 0x0000000702400000| Untracked |  0
|  19|0x0000000702600000, 0x0000000702800000, 0x0000000702800000|100%| O|  |TAMS 0x0000000702600000| PB 0x0000000702600000| Untracked |  0
|  20|0x0000000702800000, 0x0000000702a00000, 0x0000000702a00000|100%| O|  |TAMS 0x0000000702800000| PB 0x0000000702800000| Untracked |  0
|  21|0x0000000702a00000, 0x0000000702c00000, 0x0000000702c00000|100%| O|  |TAMS 0x0000000702a00000| PB 0x0000000702a00000| Untracked |  0
|  22|0x0000000702c00000, 0x0000000702e00000, 0x0000000702e00000|100%| O|  |TAMS 0x0000000702c00000| PB 0x0000000702c00000| Untracked |  0
|  23|0x0000000702e00000, 0x0000000703000000, 0x0000000703000000|100%| O|  |TAMS 0x0000000702e00000| PB 0x0000000702e00000| Untracked |  0
|  24|0x0000000703000000, 0x0000000703200000, 0x0000000703200000|100%| O|  |TAMS 0x0000000703000000| PB 0x0000000703000000| Untracked |  0
|  25|0x0000000703200000, 0x0000000703400000, 0x0000000703400000|100%| O|  |TAMS 0x0000000703200000| PB 0x0000000703200000| Untracked |  0
|  26|0x0000000703400000, 0x0000000703600000, 0x0000000703600000|100%| O|  |TAMS 0x0000000703400000| PB 0x0000000703400000| Untracked |  0
|  27|0x0000000703600000, 0x0000000703800000, 0x0000000703800000|100%| O|  |TAMS 0x0000000703600000| PB 0x0000000703600000| Untracked |  0
|  28|0x0000000703800000, 0x0000000703a00000, 0x0000000703a00000|100%| O|  |TAMS 0x0000000703800000| PB 0x0000000703800000| Untracked |  0
|  29|0x0000000703a00000, 0x0000000703c00000, 0x0000000703c00000|100%| O|  |TAMS 0x0000000703a00000| PB 0x0000000703a00000| Untracked |  0
|  30|0x0000000703c00000, 0x0000000703e00000, 0x0000000703e00000|100%| O|  |TAMS 0x0000000703c00000| PB 0x0000000703c00000| Untracked |  0
|  31|0x0000000703e00000, 0x0000000704000000, 0x0000000704000000|100%| O|  |TAMS 0x0000000703e00000| PB 0x0000000703e00000| Untracked |  0
|  32|0x0000000704000000, 0x0000000704200000, 0x0000000704200000|100%| O|  |TAMS 0x0000000704000000| PB 0x0000000704000000| Untracked |  0
|  33|0x0000000704200000, 0x0000000704400000, 0x0000000704400000|100%| O|  |TAMS 0x0000000704200000| PB 0x0000000704200000| Untracked |  0
|  34|0x0000000704400000, 0x0000000704600000, 0x0000000704600000|100%| O|  |TAMS 0x0000000704400000| PB 0x0000000704400000| Untracked |  0
|  35|0x0000000704600000, 0x0000000704800000, 0x0000000704800000|100%| O|  |TAMS 0x0000000704600000| PB 0x0000000704600000| Untracked |  0
|  36|0x0000000704800000, 0x0000000704a00000, 0x0000000704a00000|100%| O|  |TAMS 0x0000000704800000| PB 0x0000000704800000| Untracked |  0
|  37|0x0000000704a00000, 0x0000000704c00000, 0x0000000704c00000|100%| O|  |TAMS 0x0000000704a00000| PB 0x0000000704a00000| Untracked |  0
|  38|0x0000000704c00000, 0x0000000704e00000, 0x0000000704e00000|100%| O|  |TAMS 0x0000000704c00000| PB 0x0000000704c00000| Untracked |  0
|  39|0x0000000704e00000, 0x0000000705000000, 0x0000000705000000|100%| O|  |TAMS 0x0000000704e00000| PB 0x0000000704e00000| Untracked |  0
|  40|0x0000000705000000, 0x0000000705200000, 0x0000000705200000|100%| O|  |TAMS 0x0000000705000000| PB 0x0000000705000000| Untracked |  0
|  41|0x0000000705200000, 0x0000000705400000, 0x0000000705400000|100%| O|  |TAMS 0x0000000705200000| PB 0x0000000705200000| Untracked |  0
|  42|0x0000000705400000, 0x0000000705600000, 0x0000000705600000|100%| O|  |TAMS 0x0000000705400000| PB 0x0000000705400000| Untracked |  0
|  43|0x0000000705600000, 0x0000000705800000, 0x0000000705800000|100%|HS|  |TAMS 0x0000000705600000| PB 0x0000000705600000| Complete |  0
|  44|0x0000000705800000, 0x0000000705a00000, 0x0000000705a00000|100%|HC|  |TAMS 0x0000000705800000| PB 0x0000000705800000| Complete |  0
|  45|0x0000000705a00000, 0x0000000705c00000, 0x0000000705c00000|100%| O|  |TAMS 0x0000000705a00000| PB 0x0000000705a00000| Untracked |  0
|  46|0x0000000705c00000, 0x0000000705e00000, 0x0000000705e00000|100%| O|  |TAMS 0x0000000705c00000| PB 0x0000000705c00000| Untracked |  0
|  47|0x0000000705e00000, 0x0000000706000000, 0x0000000706000000|100%| O|  |TAMS 0x0000000705e00000| PB 0x0000000705e00000| Untracked |  0
|  48|0x0000000706000000, 0x0000000706200000, 0x0000000706200000|100%| O|  |TAMS 0x0000000706000000| PB 0x0000000706000000| Untracked |  0
|  49|0x0000000706200000, 0x0000000706400000, 0x0000000706400000|100%| O|  |TAMS 0x0000000706200000| PB 0x0000000706200000| Untracked |  0
|  50|0x0000000706400000, 0x0000000706600000, 0x0000000706600000|100%| O|  |TAMS 0x0000000706400000| PB 0x0000000706400000| Untracked |  0
|  51|0x0000000706600000, 0x0000000706800000, 0x0000000706800000|100%| O|  |TAMS 0x0000000706600000| PB 0x0000000706600000| Untracked |  0
|  52|0x0000000706800000, 0x0000000706a00000, 0x0000000706a00000|100%| O|  |TAMS 0x0000000706800000| PB 0x0000000706800000| Untracked |  0
|  53|0x0000000706a00000, 0x0000000706c00000, 0x0000000706c00000|100%| O|  |TAMS 0x0000000706a00000| PB 0x0000000706a00000| Untracked |  0
|  54|0x0000000706c00000, 0x0000000706e00000, 0x0000000706e00000|100%| O|  |TAMS 0x0000000706c00000| PB 0x0000000706c00000| Untracked |  0
|  55|0x0000000706e00000, 0x0000000707000000, 0x0000000707000000|100%| O|  |TAMS 0x0000000706e00000| PB 0x0000000706e00000| Untracked |  0
|  56|0x0000000707000000, 0x0000000707200000, 0x0000000707200000|100%| O|  |TAMS 0x0000000707000000| PB 0x0000000707000000| Untracked |  0
|  57|0x0000000707200000, 0x0000000707400000, 0x0000000707400000|100%| O|  |TAMS 0x0000000707200000| PB 0x0000000707200000| Untracked |  0
|  58|0x0000000707400000, 0x0000000707600000, 0x0000000707600000|100%| O|  |TAMS 0x0000000707400000| PB 0x0000000707400000| Untracked |  0
|  59|0x0000000707600000, 0x0000000707800000, 0x0000000707800000|100%| O|  |TAMS 0x0000000707600000| PB 0x0000000707600000| Untracked |  0
|  60|0x0000000707800000, 0x0000000707a00000, 0x0000000707a00000|100%| O|  |TAMS 0x0000000707800000| PB 0x0000000707800000| Untracked |  0
|  61|0x0000000707a00000, 0x0000000707c00000, 0x0000000707c00000|100%|HS|  |TAMS 0x0000000707a00000| PB 0x0000000707a00000| Complete |  0
|  62|0x0000000707c00000, 0x0000000707e00000, 0x0000000707e00000|100%| O|  |TAMS 0x0000000707c00000| PB 0x0000000707c00000| Untracked |  0
|  63|0x0000000707e00000, 0x0000000708000000, 0x0000000708000000|100%| O|  |TAMS 0x0000000707e00000| PB 0x0000000707e00000| Untracked |  0
|  64|0x0000000708000000, 0x0000000708200000, 0x0000000708200000|100%| O|  |TAMS 0x0000000708000000| PB 0x0000000708000000| Untracked |  0
|  65|0x0000000708200000, 0x0000000708400000, 0x0000000708400000|100%| O|  |TAMS 0x0000000708200000| PB 0x0000000708200000| Untracked |  0
|  66|0x0000000708400000, 0x0000000708600000, 0x0000000708600000|100%| O|  |TAMS 0x0000000708400000| PB 0x0000000708400000| Untracked |  0
|  67|0x0000000708600000, 0x0000000708800000, 0x0000000708800000|100%| O|  |TAMS 0x0000000708600000| PB 0x0000000708600000| Untracked |  0
|  68|0x0000000708800000, 0x0000000708a00000, 0x0000000708a00000|100%| O|  |TAMS 0x0000000708800000| PB 0x0000000708800000| Untracked |  0
|  69|0x0000000708a00000, 0x0000000708c00000, 0x0000000708c00000|100%| O|  |TAMS 0x0000000708a00000| PB 0x0000000708a00000| Untracked |  0
|  70|0x0000000708c00000, 0x0000000708e00000, 0x0000000708e00000|100%| O|  |TAMS 0x0000000708c00000| PB 0x0000000708c00000| Untracked |  0
|  71|0x0000000708e00000, 0x0000000709000000, 0x0000000709000000|100%| O|  |TAMS 0x0000000708e00000| PB 0x0000000708e00000| Untracked |  0
|  72|0x0000000709000000, 0x0000000709200000, 0x0000000709200000|100%| O|  |TAMS 0x0000000709000000| PB 0x0000000709000000| Untracked |  0
|  73|0x0000000709200000, 0x0000000709334390, 0x0000000709400000| 60%| O|  |TAMS 0x0000000709200000| PB 0x0000000709200000| Untracked |  0
|  74|0x0000000709400000, 0x0000000709400000, 0x0000000709600000|  0%| F|  |TAMS 0x0000000709400000| PB 0x0000000709400000| Untracked |  0
|  75|0x0000000709600000, 0x0000000709600000, 0x0000000709800000|  0%| F|  |TAMS 0x0000000709600000| PB 0x0000000709600000| Untracked |  0
|  76|0x0000000709800000, 0x0000000709800000, 0x0000000709a00000|  0%| F|  |TAMS 0x0000000709800000| PB 0x0000000709800000| Untracked |  0
|  77|0x0000000709a00000, 0x0000000709a00000, 0x0000000709c00000|  0%| F|  |TAMS 0x0000000709a00000| PB 0x0000000709a00000| Untracked |  0
|  78|0x0000000709c00000, 0x0000000709c00000, 0x0000000709e00000|  0%| F|  |TAMS 0x0000000709c00000| PB 0x0000000709c00000| Untracked |  0
|  79|0x0000000709e00000, 0x0000000709e00000, 0x000000070a000000|  0%| F|  |TAMS 0x0000000709e00000| PB 0x0000000709e00000| Untracked |  0
|  80|0x000000070a000000, 0x000000070a000000, 0x000000070a200000|  0%| F|  |TAMS 0x000000070a000000| PB 0x000000070a000000| Untracked |  0
|  81|0x000000070a200000, 0x000000070a400000, 0x000000070a400000|100%| S|CS|TAMS 0x000000070a200000| PB 0x000000070a200000| Complete |  0
|  82|0x000000070a400000, 0x000000070a600000, 0x000000070a600000|100%| S|CS|TAMS 0x000000070a400000| PB 0x000000070a400000| Complete |  0
|  83|0x000000070a600000, 0x000000070a800000, 0x000000070a800000|100%| S|CS|TAMS 0x000000070a600000| PB 0x000000070a600000| Complete |  0
|  84|0x000000070a800000, 0x000000070aa00000, 0x000000070aa00000|100%| S|CS|TAMS 0x000000070a800000| PB 0x000000070a800000| Complete |  0
|  85|0x000000070aa00000, 0x000000070ac00000, 0x000000070ac00000|100%| S|CS|TAMS 0x000000070aa00000| PB 0x000000070aa00000| Complete |  0
|  86|0x000000070ac00000, 0x000000070ae00000, 0x000000070ae00000|100%| S|CS|TAMS 0x000000070ac00000| PB 0x000000070ac00000| Complete |  0
|  87|0x000000070ae00000, 0x000000070ae00000, 0x000000070b000000|  0%| F|  |TAMS 0x000000070ae00000| PB 0x000000070ae00000| Untracked |  0
|  88|0x000000070b000000, 0x000000070b000000, 0x000000070b200000|  0%| F|  |TAMS 0x000000070b000000| PB 0x000000070b000000| Untracked |  0
|  89|0x000000070b200000, 0x000000070b200000, 0x000000070b400000|  0%| F|  |TAMS 0x000000070b200000| PB 0x000000070b200000| Untracked |  0
|  90|0x000000070b400000, 0x000000070b400000, 0x000000070b600000|  0%| F|  |TAMS 0x000000070b400000| PB 0x000000070b400000| Untracked |  0
|  91|0x000000070b600000, 0x000000070b800000, 0x000000070b800000|100%| S|CS|TAMS 0x000000070b600000| PB 0x000000070b600000| Complete |  0
|  92|0x000000070b800000, 0x000000070b800000, 0x000000070ba00000|  0%| F|  |TAMS 0x000000070b800000| PB 0x000000070b800000| Untracked |  0
|  93|0x000000070ba00000, 0x000000070ba00000, 0x000000070bc00000|  0%| F|  |TAMS 0x000000070ba00000| PB 0x000000070ba00000| Untracked |  0
|  94|0x000000070bc00000, 0x000000070bc00000, 0x000000070be00000|  0%| F|  |TAMS 0x000000070bc00000| PB 0x000000070bc00000| Untracked |  0
|  95|0x000000070be00000, 0x000000070be00000, 0x000000070c000000|  0%| F|  |TAMS 0x000000070be00000| PB 0x000000070be00000| Untracked |  0
|  96|0x000000070c000000, 0x000000070c000000, 0x000000070c200000|  0%| F|  |TAMS 0x000000070c000000| PB 0x000000070c000000| Untracked |  0
|  97|0x000000070c200000, 0x000000070c200000, 0x000000070c400000|  0%| F|  |TAMS 0x000000070c200000| PB 0x000000070c200000| Untracked |  0
|  98|0x000000070c400000, 0x000000070c400000, 0x000000070c600000|  0%| F|  |TAMS 0x000000070c400000| PB 0x000000070c400000| Untracked |  0
|  99|0x000000070c600000, 0x000000070c600000, 0x000000070c800000|  0%| F|  |TAMS 0x000000070c600000| PB 0x000000070c600000| Untracked |  0
| 100|0x000000070c800000, 0x000000070c800000, 0x000000070ca00000|  0%| F|  |TAMS 0x000000070c800000| PB 0x000000070c800000| Untracked |  0
| 101|0x000000070ca00000, 0x000000070ca00000, 0x000000070cc00000|  0%| F|  |TAMS 0x000000070ca00000| PB 0x000000070ca00000| Untracked |  0
| 102|0x000000070cc00000, 0x000000070cc00000, 0x000000070ce00000|  0%| F|  |TAMS 0x000000070cc00000| PB 0x000000070cc00000| Untracked |  0
| 103|0x000000070ce00000, 0x000000070ce00000, 0x000000070d000000|  0%| F|  |TAMS 0x000000070ce00000| PB 0x000000070ce00000| Untracked |  0
| 104|0x000000070d000000, 0x000000070d000000, 0x000000070d200000|  0%| F|  |TAMS 0x000000070d000000| PB 0x000000070d000000| Untracked |  0
| 105|0x000000070d200000, 0x000000070d200000, 0x000000070d400000|  0%| F|  |TAMS 0x000000070d200000| PB 0x000000070d200000| Untracked |  0
| 106|0x000000070d400000, 0x000000070d400000, 0x000000070d600000|  0%| F|  |TAMS 0x000000070d400000| PB 0x000000070d400000| Untracked |  0
| 107|0x000000070d600000, 0x000000070d600000, 0x000000070d800000|  0%| F|  |TAMS 0x000000070d600000| PB 0x000000070d600000| Untracked |  0
| 108|0x000000070d800000, 0x000000070d800000, 0x000000070da00000|  0%| F|  |TAMS 0x000000070d800000| PB 0x000000070d800000| Untracked |  0
| 109|0x000000070da00000, 0x000000070da00000, 0x000000070dc00000|  0%| F|  |TAMS 0x000000070da00000| PB 0x000000070da00000| Untracked |  0
| 110|0x000000070dc00000, 0x000000070dc00000, 0x000000070de00000|  0%| F|  |TAMS 0x000000070dc00000| PB 0x000000070dc00000| Untracked |  0
| 111|0x000000070de00000, 0x000000070de00000, 0x000000070e000000|  0%| F|  |TAMS 0x000000070de00000| PB 0x000000070de00000| Untracked |  0
| 112|0x000000070e000000, 0x000000070e000000, 0x000000070e200000|  0%| F|  |TAMS 0x000000070e000000| PB 0x000000070e000000| Untracked |  0
| 113|0x000000070e200000, 0x000000070e200000, 0x000000070e400000|  0%| F|  |TAMS 0x000000070e200000| PB 0x000000070e200000| Untracked |  0
| 114|0x000000070e400000, 0x000000070e400000, 0x000000070e600000|  0%| F|  |TAMS 0x000000070e400000| PB 0x000000070e400000| Untracked |  0
| 115|0x000000070e600000, 0x000000070e600000, 0x000000070e800000|  0%| F|  |TAMS 0x000000070e600000| PB 0x000000070e600000| Untracked |  0
| 116|0x000000070e800000, 0x000000070e800000, 0x000000070ea00000|  0%| F|  |TAMS 0x000000070e800000| PB 0x000000070e800000| Untracked |  0
| 117|0x000000070ea00000, 0x000000070ea00000, 0x000000070ec00000|  0%| F|  |TAMS 0x000000070ea00000| PB 0x000000070ea00000| Untracked |  0
| 118|0x000000070ec00000, 0x000000070ec00000, 0x000000070ee00000|  0%| F|  |TAMS 0x000000070ec00000| PB 0x000000070ec00000| Untracked |  0
| 119|0x000000070ee00000, 0x000000070ee00000, 0x000000070f000000|  0%| F|  |TAMS 0x000000070ee00000| PB 0x000000070ee00000| Untracked |  0
| 120|0x000000070f000000, 0x000000070f000000, 0x000000070f200000|  0%| F|  |TAMS 0x000000070f000000| PB 0x000000070f000000| Untracked |  0
| 121|0x000000070f200000, 0x000000070f200000, 0x000000070f400000|  0%| F|  |TAMS 0x000000070f200000| PB 0x000000070f200000| Untracked |  0
| 122|0x000000070f400000, 0x000000070f400000, 0x000000070f600000|  0%| F|  |TAMS 0x000000070f400000| PB 0x000000070f400000| Untracked |  0
| 123|0x000000070f600000, 0x000000070f600000, 0x000000070f800000|  0%| F|  |TAMS 0x000000070f600000| PB 0x000000070f600000| Untracked |  0
| 124|0x000000070f800000, 0x000000070f800000, 0x000000070fa00000|  0%| F|  |TAMS 0x000000070f800000| PB 0x000000070f800000| Untracked |  0
| 125|0x000000070fa00000, 0x000000070fa00000, 0x000000070fc00000|  0%| F|  |TAMS 0x000000070fa00000| PB 0x000000070fa00000| Untracked |  0
| 126|0x000000070fc00000, 0x000000070fc00000, 0x000000070fe00000|  0%| F|  |TAMS 0x000000070fc00000| PB 0x000000070fc00000| Untracked |  0
| 127|0x000000070fe00000, 0x000000070fe00000, 0x0000000710000000|  0%| F|  |TAMS 0x000000070fe00000| PB 0x000000070fe00000| Untracked |  0
| 128|0x0000000710000000, 0x0000000710000000, 0x0000000710200000|  0%| F|  |TAMS 0x0000000710000000| PB 0x0000000710000000| Untracked |  0
| 129|0x0000000710200000, 0x0000000710200000, 0x0000000710400000|  0%| F|  |TAMS 0x0000000710200000| PB 0x0000000710200000| Untracked |  0
| 130|0x0000000710400000, 0x0000000710400000, 0x0000000710600000|  0%| F|  |TAMS 0x0000000710400000| PB 0x0000000710400000| Untracked |  0
| 131|0x0000000710600000, 0x0000000710600000, 0x0000000710800000|  0%| F|  |TAMS 0x0000000710600000| PB 0x0000000710600000| Untracked |  0
| 132|0x0000000710800000, 0x0000000710800000, 0x0000000710a00000|  0%| F|  |TAMS 0x0000000710800000| PB 0x0000000710800000| Untracked |  0
| 133|0x0000000710a00000, 0x0000000710a00000, 0x0000000710c00000|  0%| F|  |TAMS 0x0000000710a00000| PB 0x0000000710a00000| Untracked |  0
| 134|0x0000000710c00000, 0x0000000710c00000, 0x0000000710e00000|  0%| F|  |TAMS 0x0000000710c00000| PB 0x0000000710c00000| Untracked |  0
| 135|0x0000000710e00000, 0x0000000710e00000, 0x0000000711000000|  0%| F|  |TAMS 0x0000000710e00000| PB 0x0000000710e00000| Untracked |  0
| 136|0x0000000711000000, 0x0000000711000000, 0x0000000711200000|  0%| F|  |TAMS 0x0000000711000000| PB 0x0000000711000000| Untracked |  0
| 137|0x0000000711200000, 0x0000000711200000, 0x0000000711400000|  0%| F|  |TAMS 0x0000000711200000| PB 0x0000000711200000| Untracked |  0
| 138|0x0000000711400000, 0x0000000711400000, 0x0000000711600000|  0%| F|  |TAMS 0x0000000711400000| PB 0x0000000711400000| Untracked |  0
| 139|0x0000000711600000, 0x0000000711600000, 0x0000000711800000|  0%| F|  |TAMS 0x0000000711600000| PB 0x0000000711600000| Untracked |  0
| 140|0x0000000711800000, 0x0000000711800000, 0x0000000711a00000|  0%| F|  |TAMS 0x0000000711800000| PB 0x0000000711800000| Untracked |  0
| 141|0x0000000711a00000, 0x0000000711a00000, 0x0000000711c00000|  0%| F|  |TAMS 0x0000000711a00000| PB 0x0000000711a00000| Untracked |  0
| 142|0x0000000711c00000, 0x0000000711c00000, 0x0000000711e00000|  0%| F|  |TAMS 0x0000000711c00000| PB 0x0000000711c00000| Untracked |  0
| 143|0x0000000711e00000, 0x0000000711e00000, 0x0000000712000000|  0%| F|  |TAMS 0x0000000711e00000| PB 0x0000000711e00000| Untracked |  0
| 144|0x0000000712000000, 0x0000000712000000, 0x0000000712200000|  0%| F|  |TAMS 0x0000000712000000| PB 0x0000000712000000| Untracked |  0
| 145|0x0000000712200000, 0x0000000712200000, 0x0000000712400000|  0%| F|  |TAMS 0x0000000712200000| PB 0x0000000712200000| Untracked |  0
| 146|0x0000000712400000, 0x0000000712400000, 0x0000000712600000|  0%| F|  |TAMS 0x0000000712400000| PB 0x0000000712400000| Untracked |  0
| 147|0x0000000712600000, 0x0000000712600000, 0x0000000712800000|  0%| F|  |TAMS 0x0000000712600000| PB 0x0000000712600000| Untracked |  0
| 148|0x0000000712800000, 0x0000000712800000, 0x0000000712a00000|  0%| F|  |TAMS 0x0000000712800000| PB 0x0000000712800000| Untracked |  0
| 149|0x0000000712a00000, 0x0000000712a00000, 0x0000000712c00000|  0%| F|  |TAMS 0x0000000712a00000| PB 0x0000000712a00000| Untracked |  0
| 150|0x0000000712c00000, 0x0000000712c00000, 0x0000000712e00000|  0%| F|  |TAMS 0x0000000712c00000| PB 0x0000000712c00000| Untracked |  0
| 151|0x0000000712e00000, 0x0000000712e00000, 0x0000000713000000|  0%| F|  |TAMS 0x0000000712e00000| PB 0x0000000712e00000| Untracked |  0
| 152|0x0000000713000000, 0x0000000713000000, 0x0000000713200000|  0%| F|  |TAMS 0x0000000713000000| PB 0x0000000713000000| Untracked |  0
| 153|0x0000000713200000, 0x0000000713200000, 0x0000000713400000|  0%| F|  |TAMS 0x0000000713200000| PB 0x0000000713200000| Untracked |  0
| 154|0x0000000713400000, 0x0000000713400000, 0x0000000713600000|  0%| F|  |TAMS 0x0000000713400000| PB 0x0000000713400000| Untracked |  0
| 155|0x0000000713600000, 0x0000000713600000, 0x0000000713800000|  0%| F|  |TAMS 0x0000000713600000| PB 0x0000000713600000| Untracked |  0
| 156|0x0000000713800000, 0x0000000713800000, 0x0000000713a00000|  0%| F|  |TAMS 0x0000000713800000| PB 0x0000000713800000| Untracked |  0
| 157|0x0000000713a00000, 0x0000000713a00000, 0x0000000713c00000|  0%| F|  |TAMS 0x0000000713a00000| PB 0x0000000713a00000| Untracked |  0
| 158|0x0000000713c00000, 0x0000000713c00000, 0x0000000713e00000|  0%| F|  |TAMS 0x0000000713c00000| PB 0x0000000713c00000| Untracked |  0
| 159|0x0000000713e00000, 0x0000000713e00000, 0x0000000714000000|  0%| F|  |TAMS 0x0000000713e00000| PB 0x0000000713e00000| Untracked |  0
| 160|0x0000000714000000, 0x0000000714000000, 0x0000000714200000|  0%| F|  |TAMS 0x0000000714000000| PB 0x0000000714000000| Untracked |  0
| 161|0x0000000714200000, 0x0000000714200000, 0x0000000714400000|  0%| F|  |TAMS 0x0000000714200000| PB 0x0000000714200000| Untracked |  0
| 162|0x0000000714400000, 0x0000000714400000, 0x0000000714600000|  0%| F|  |TAMS 0x0000000714400000| PB 0x0000000714400000| Untracked |  0
| 163|0x0000000714600000, 0x0000000714600000, 0x0000000714800000|  0%| F|  |TAMS 0x0000000714600000| PB 0x0000000714600000| Untracked |  0
| 164|0x0000000714800000, 0x0000000714800000, 0x0000000714a00000|  0%| F|  |TAMS 0x0000000714800000| PB 0x0000000714800000| Untracked |  0
| 165|0x0000000714a00000, 0x0000000714a00000, 0x0000000714c00000|  0%| F|  |TAMS 0x0000000714a00000| PB 0x0000000714a00000| Untracked |  0
| 166|0x0000000714c00000, 0x0000000714c00000, 0x0000000714e00000|  0%| F|  |TAMS 0x0000000714c00000| PB 0x0000000714c00000| Untracked |  0
|2044|0x00000007ff800000, 0x00000007ffa00000, 0x00000007ffa00000|100%| O|  |TAMS 0x00000007ff800000| PB 0x00000007ff800000| Untracked |  0
|2045|0x00000007ffa00000, 0x00000007ffc00000, 0x00000007ffc00000|100%| O|  |TAMS 0x00000007ffa00000| PB 0x00000007ffa00000| Untracked |  0
|2046|0x00000007ffc00000, 0x00000007ffe00000, 0x00000007ffe00000|100%| O|  |TAMS 0x00000007ffc00000| PB 0x00000007ffc00000| Untracked |  0
|2047|0x00000007ffe00000, 0x0000000800000000, 0x0000000800000000|100%| O|  |TAMS 0x00000007ffe00000| PB 0x00000007ffe00000| Untracked |  0

Card table byte_map: [0x000001fbaf690000,0x000001fbafe90000] _byte_map_base: 0x000001fbabe90000

Marking Bits: (CMBitMap*) 0x000001fb961930d0
 Bits: [0x000001fbafe90000, 0x000001fbb3e90000)

Polling page: 0x000001fb95310000

Metaspace:

Usage:
  Non-class:     24.97 MB used.
      Class:      3.00 MB used.
       Both:     27.98 MB used.

Virtual space:
  Non-class space:       64.00 MB reserved,      25.25 MB ( 39%) committed,  1 nodes.
      Class space:        1.00 GB reserved,       3.25 MB ( <1%) committed,  1 nodes.
             Both:        1.06 GB reserved,      28.50 MB (  3%) committed. 

Chunk freelists:
   Non-Class:  6.48 MB
       Class:  12.73 MB
        Both:  19.22 MB

MaxMetaspaceSize: unlimited
CompressedClassSpaceSize: 1.00 GB
Initial GC threshold: 21.00 MB
Current GC threshold: 47.50 MB
CDS: on
 - commit_granule_bytes: 65536.
 - commit_granule_words: 8192.
 - virtual_space_node_default_size: 8388608.
 - enlarge_chunks_in_place: 1.
 - use_allocation_guard: 0.


Internal statistics:

num_allocs_failed_limit: 3.
num_arena_births: 420.
num_arena_deaths: 0.
num_vsnodes_births: 2.
num_vsnodes_deaths: 0.
num_space_committed: 456.
num_space_uncommitted: 0.
num_chunks_returned_to_freelist: 3.
num_chunks_taken_from_freelist: 1370.
num_chunk_merges: 3.
num_chunk_splits: 1015.
num_chunks_enlarged: 809.
num_inconsistent_stats: 0.

CodeHeap 'non-profiled nmethods': size=119808Kb used=3542Kb max_used=3703Kb free=116265Kb
 bounds [0x000001fba7880000, 0x000001fba7c20000, 0x000001fbaed80000]
CodeHeap 'profiled nmethods': size=119744Kb used=15172Kb max_used=17904Kb free=104571Kb
 bounds [0x000001fb9fd80000, 0x000001fba0f00000, 0x000001fba7270000]
CodeHeap 'non-nmethods': size=6208Kb used=1581Kb max_used=2168Kb free=4626Kb
 bounds [0x000001fba7270000, 0x000001fba74e0000, 0x000001fba7880000]
CodeCache: size=245760Kb, used=20295Kb, max_used=23775Kb, free=225462Kb
 total_blobs=8238, nmethods=7701, adapters=434, full_count=0
Compilation: enabled, stopped_count=0, restarted_count=0

JVMCI Events (20 events):
Event: 23.560 Thread 0x000001fbb66bafc0 initializing JVMCI runtime 0
Event: 23.560 Thread 0x000001fbb66bafc0 done waiting for JavaVM references initialization in JVMCI runtime 0
Event: 23.560 Thread 0x000001fbb66bafc0 initialized JVMCI runtime 0
Event: 25.959 Thread 0x000001fbb66bafc0 detaching from JVMCI runtime 0: releasing idle compiler thread (0 other threads still attached)
Event: 25.959 Thread 0x000001fbb66bafc0 shutting down HotSpotJVMCIRuntime for JVMCI runtime 0
Event: 25.959 Thread 0x000001fbb66bafc0 shut down JVMCI runtime 0
Event: 25.963 Thread 0x000001fbb66bafc0 destroyed JavaVM[2]@0x000001fbfca37db0 for JVMCI runtime 0
Event: 25.963 Thread 0x000001fbb66bafc0 releasing handles for JVMCI runtime 0: oop handles=61, metadata handles={total=384, live=375, blocks=53}
Event: 25.963 Thread 0x000001fbb66bafc0 detached from JVMCI runtime 0
Event: 26.499 Thread 0x000001fbb66bafc0 attached to JVMCI runtime 0
Event: 26.504 Thread 0x000001fbb66bafc0 created JavaVM[3]@0x000001fbfca37db0 for JVMCI runtime 0
Event: 26.504 Thread 0x000001fbb66bafc0 initializing JVMCI runtime 0
Event: 26.504 Thread 0x000001fbb66bafc0 done waiting for JavaVM references initialization in JVMCI runtime 0
Event: 26.504 Thread 0x000001fbb66bafc0 initialized JVMCI runtime 0
Event: 27.529 Thread 0x000001fbb66bafc0 detaching from JVMCI runtime 0: releasing idle compiler thread (0 other threads still attached)
Event: 27.529 Thread 0x000001fbb66bafc0 shutting down HotSpotJVMCIRuntime for JVMCI runtime 0
Event: 27.529 Thread 0x000001fbb66bafc0 shut down JVMCI runtime 0
Event: 27.531 Thread 0x000001fbb66bafc0 destroyed JavaVM[3]@0x000001fbfca37db0 for JVMCI runtime 0
Event: 27.531 Thread 0x000001fbb66bafc0 releasing handles for JVMCI runtime 0: oop handles=51, metadata handles={total=96, live=94, blocks=53}
Event: 27.531 Thread 0x000001fbb66bafc0 detached from JVMCI runtime 0

Compilation events (20 events):
Event: 23.778 Thread 0x000001fbb66bafc0 8757       4       java.util.zip.ZipCoder::hash (36 bytes)
Event: 23.783 Thread 0x000001fbb66bafc0 nmethod 8757 0x000001fba7c1c388 code [0x000001fba7c1c4a0, 0x000001fba7c1c750]
Event: 24.072 Thread 0x000001fbb66bafc0 8758       4       org.apache.bcel.classfile.EnclosingMethod::<init> (21 bytes)
Event: 24.084 Thread 0x000001fbb66bafc0 nmethod 8758 0x000001fba7c1c808 code [0x000001fba7c1c940, 0x000001fba7c1d070]
Event: 24.106 Thread 0x000001fbb66bafc0 8759       4       java.util.zip.ZipFile$Source::getEntryPos (164 bytes)
Event: 24.123 Thread 0x000001fbb66bafc0 nmethod 8759 0x000001fba7c1d188 code [0x000001fba7c1d2e0, 0x000001fba7c1da88]
Event: 24.232 Thread 0x000001fbb66bafc0 8760       4       org.apache.bcel.classfile.ConstantMethodType::accept (8 bytes)
Event: 24.234 Thread 0x000001fbb66bafc0 nmethod 8760 0x000001fba7c1db88 code [0x000001fba7c1dc80, 0x000001fba7c1dd50]
Event: 24.538 Thread 0x000001fbb66bafc0 8761       4       org.apache.bcel.classfile.Unknown::<init> (34 bytes)
Event: 24.549 Thread 0x000001fbb66bafc0 nmethod 8761 0x000001fba78e2508 code [0x000001fba78e2640, 0x000001fba78e2de0]
Event: 24.549 Thread 0x000001fbb66bafc0 8762       4       org.apache.bcel.classfile.Unknown::<init> (28 bytes)
Event: 24.554 Thread 0x000001fbb66bafc0 nmethod 8762 0x000001fba78b7e88 code [0x000001fba78b7fa0, 0x000001fba78b83d8]
Event: 24.595 Thread 0x000001fbb66bafc0 8763       4       org.apache.bcel.classfile.DescendingVisitor::visitEnclosingMethod (26 bytes)
Event: 24.628 Thread 0x000001fbb66bafc0 nmethod 8763 0x000001fba79dbb88 code [0x000001fba79dbe40, 0x000001fba79de890]
Event: 24.630 Thread 0x000001fbb66bafc0 8764       4       org.apache.bcel.classfile.DescendingVisitor::visitUnknown (26 bytes)
Event: 24.663 Thread 0x000001fbb66bafc0 nmethod 8764 0x000001fba7a05408 code [0x000001fba7a056c0, 0x000001fba7a08110]
Event: 24.948 Thread 0x000001fbb66bafc0 8765       4       org.apache.bcel.classfile.Unknown::accept (8 bytes)
Event: 24.949 Thread 0x000001fbb66bafc0 nmethod 8765 0x000001fba7886808 code [0x000001fba7886900, 0x000001fba78869d0]
Event: 26.499 Thread 0x000001fbb66bafc0 8766       4       org.apache.bcel.classfile.EnclosingMethod::accept (8 bytes)
Event: 26.529 Thread 0x000001fbb66bafc0 nmethod 8766 0x000001fba789a408 code [0x000001fba789a500, 0x000001fba789a5d0]

GC Heap History (20 events):
Event: 21.547 GC heap after
{Heap after GC invocations=34 (full 0):
 garbage-first heap   total reserved 4194304K, committed 290816K, used 130899K [0x0000000700000000, 0x0000000800000000)
  region size 2048K, 5 young (10240K), 5 survivors (10240K)
 Metaspace       used 28647K, committed 29184K, reserved 1114112K
  class space    used 3074K, committed 3328K, reserved 1048576K
}
Event: 22.497 GC heap before
{Heap before GC invocations=34 (full 0):
 garbage-first heap   total reserved 4194304K, committed 290816K, used 261971K [0x0000000700000000, 0x0000000800000000)
  region size 2048K, 69 young (141312K), 5 survivors (10240K)
 Metaspace       used 28647K, committed 29184K, reserved 1114112K
  class space    used 3074K, committed 3328K, reserved 1048576K
}
Event: 22.505 GC heap after
{Heap after GC invocations=35 (full 0):
 garbage-first heap   total reserved 4194304K, committed 290816K, used 136030K [0x0000000700000000, 0x0000000800000000)
  region size 2048K, 7 young (14336K), 7 survivors (14336K)
 Metaspace       used 28647K, committed 29184K, reserved 1114112K
  class space    used 3074K, committed 3328K, reserved 1048576K
}
Event: 23.314 GC heap before
{Heap before GC invocations=35 (full 0):
 garbage-first heap   total reserved 4194304K, committed 290816K, used 258910K [0x0000000700000000, 0x0000000800000000)
  region size 2048K, 67 young (137216K), 7 survivors (14336K)
 Metaspace       used 28647K, committed 29184K, reserved 1114112K
  class space    used 3074K, committed 3328K, reserved 1048576K
}
Event: 23.327 GC heap after
{Heap after GC invocations=36 (full 0):
 garbage-first heap   total reserved 4194304K, committed 290816K, used 139579K [0x0000000700000000, 0x0000000800000000)
  region size 2048K, 5 young (10240K), 5 survivors (10240K)
 Metaspace       used 28647K, committed 29184K, reserved 1114112K
  class space    used 3074K, committed 3328K, reserved 1048576K
}
Event: 24.311 GC heap before
{Heap before GC invocations=36 (full 0):
 garbage-first heap   total reserved 4194304K, committed 290816K, used 262459K [0x0000000700000000, 0x0000000800000000)
  region size 2048K, 65 young (133120K), 5 survivors (10240K)
 Metaspace       used 28647K, committed 29184K, reserved 1114112K
  class space    used 3074K, committed 3328K, reserved 1048576K
}
Event: 24.318 GC heap after
{Heap after GC invocations=37 (full 0):
 garbage-first heap   total reserved 4194304K, committed 290816K, used 143121K [0x0000000700000000, 0x0000000800000000)
  region size 2048K, 7 young (14336K), 7 survivors (14336K)
 Metaspace       used 28647K, committed 29184K, reserved 1114112K
  class space    used 3074K, committed 3328K, reserved 1048576K
}
Event: 25.179 GC heap before
{Heap before GC invocations=38 (full 0):
 garbage-first heap   total reserved 4194304K, committed 290816K, used 257809K [0x0000000700000000, 0x0000000800000000)
  region size 2048K, 63 young (129024K), 7 survivors (14336K)
 Metaspace       used 28647K, committed 29184K, reserved 1114112K
  class space    used 3074K, committed 3328K, reserved 1048576K
}
Event: 25.188 GC heap after
{Heap after GC invocations=39 (full 0):
 garbage-first heap   total reserved 4194304K, committed 290816K, used 146555K [0x0000000700000000, 0x0000000800000000)
  region size 2048K, 6 young (12288K), 6 survivors (12288K)
 Metaspace       used 28647K, committed 29184K, reserved 1114112K
  class space    used 3074K, committed 3328K, reserved 1048576K
}
Event: 25.837 GC heap before
{Heap before GC invocations=39 (full 0):
 garbage-first heap   total reserved 4194304K, committed 290816K, used 261243K [0x0000000700000000, 0x0000000800000000)
  region size 2048K, 61 young (124928K), 6 survivors (12288K)
 Metaspace       used 28647K, committed 29184K, reserved 1114112K
  class space    used 3074K, committed 3328K, reserved 1048576K
}
Event: 25.846 GC heap after
{Heap after GC invocations=40 (full 0):
 garbage-first heap   total reserved 4194304K, committed 350208K, used 150934K [0x0000000700000000, 0x0000000800000000)
  region size 2048K, 6 young (12288K), 6 survivors (12288K)
 Metaspace       used 28647K, committed 29184K, reserved 1114112K
  class space    used 3074K, committed 3328K, reserved 1048576K
}
Event: 26.576 GC heap before
{Heap before GC invocations=40 (full 0):
 garbage-first heap   total reserved 4194304K, committed 350208K, used 314774K [0x0000000700000000, 0x0000000800000000)
  region size 2048K, 86 young (176128K), 6 survivors (12288K)
 Metaspace       used 28647K, committed 29184K, reserved 1114112K
  class space    used 3074K, committed 3328K, reserved 1048576K
}
Event: 26.585 GC heap after
{Heap after GC invocations=41 (full 0):
 garbage-first heap   total reserved 4194304K, committed 350208K, used 154714K [0x0000000700000000, 0x0000000800000000)
  region size 2048K, 7 young (14336K), 7 survivors (14336K)
 Metaspace       used 28647K, committed 29184K, reserved 1114112K
  class space    used 3074K, committed 3328K, reserved 1048576K
}
Event: 27.144 GC heap before
{Heap before GC invocations=41 (full 0):
 garbage-first heap   total reserved 4194304K, committed 350208K, used 310362K [0x0000000700000000, 0x0000000800000000)
  region size 2048K, 83 young (169984K), 7 survivors (14336K)
 Metaspace       used 28647K, committed 29184K, reserved 1114112K
  class space    used 3074K, committed 3328K, reserved 1048576K
}
Event: 27.155 GC heap after
{Heap after GC invocations=42 (full 0):
 garbage-first heap   total reserved 4194304K, committed 350208K, used 159296K [0x0000000700000000, 0x0000000800000000)
  region size 2048K, 8 young (16384K), 8 survivors (16384K)
 Metaspace       used 28647K, committed 29184K, reserved 1114112K
  class space    used 3074K, committed 3328K, reserved 1048576K
}
Event: 27.913 GC heap before
{Heap before GC invocations=42 (full 0):
 garbage-first heap   total reserved 4194304K, committed 350208K, used 312896K [0x0000000700000000, 0x0000000800000000)
  region size 2048K, 83 young (169984K), 8 survivors (16384K)
 Metaspace       used 28647K, committed 29184K, reserved 1114112K
  class space    used 3074K, committed 3328K, reserved 1048576K
}
Event: 27.924 GC heap after
{Heap after GC invocations=43 (full 0):
 garbage-first heap   total reserved 4194304K, committed 350208K, used 162928K [0x0000000700000000, 0x0000000800000000)
  region size 2048K, 7 young (14336K), 7 survivors (14336K)
 Metaspace       used 28647K, committed 29184K, reserved 1114112K
  class space    used 3074K, committed 3328K, reserved 1048576K
}
Event: 28.902 GC heap before
{Heap before GC invocations=43 (full 0):
 garbage-first heap   total reserved 4194304K, committed 350208K, used 312432K [0x0000000700000000, 0x0000000800000000)
  region size 2048K, 80 young (163840K), 7 survivors (14336K)
 Metaspace       used 28647K, committed 29184K, reserved 1114112K
  class space    used 3074K, committed 3328K, reserved 1048576K
}
Event: 28.916 GC heap after
{Heap after GC invocations=44 (full 0):
 garbage-first heap   total reserved 4194304K, committed 350208K, used 167083K [0x0000000700000000, 0x0000000800000000)
  region size 2048K, 6 young (12288K), 6 survivors (12288K)
 Metaspace       used 28647K, committed 29184K, reserved 1114112K
  class space    used 3074K, committed 3328K, reserved 1048576K
}
Event: 29.908 GC heap before
{Heap before GC invocations=44 (full 0):
 garbage-first heap   total reserved 4194304K, committed 350208K, used 316587K [0x0000000700000000, 0x0000000800000000)
  region size 2048K, 79 young (161792K), 6 survivors (12288K)
 Metaspace       used 28647K, committed 29184K, reserved 1114112K
  class space    used 3074K, committed 3328K, reserved 1048576K
}

Dll operation events (9 events):
Event: 0.009 Loaded shared library C:\hostedtoolcache\windows\graalvm-community-jdk-23.0.2_windows-x64_bin\23.0.2\x64\graalvm-community-openjdk-23.0.2+7.1\bin\java.dll
Event: 0.052 Loaded shared library C:\hostedtoolcache\windows\graalvm-community-jdk-23.0.2_windows-x64_bin\23.0.2\x64\graalvm-community-openjdk-23.0.2+7.1\bin\jsvml.dll
Event: 0.055 Loaded shared library C:\hostedtoolcache\windows\graalvm-community-jdk-23.0.2_windows-x64_bin\23.0.2\x64\graalvm-community-openjdk-23.0.2+7.1\bin\jvmcicompiler.dll
Event: 0.102 Loaded shared library C:\hostedtoolcache\windows\graalvm-community-jdk-23.0.2_windows-x64_bin\23.0.2\x64\graalvm-community-openjdk-23.0.2+7.1\bin\net.dll
Event: 0.104 Loaded shared library C:\hostedtoolcache\windows\graalvm-community-jdk-23.0.2_windows-x64_bin\23.0.2\x64\graalvm-community-openjdk-23.0.2+7.1\bin\nio.dll
Event: 0.107 Loaded shared library C:\hostedtoolcache\windows\graalvm-community-jdk-23.0.2_windows-x64_bin\23.0.2\x64\graalvm-community-openjdk-23.0.2+7.1\bin\zip.dll
Event: 0.110 Loaded shared library C:\hostedtoolcache\windows\graalvm-community-jdk-23.0.2_windows-x64_bin\23.0.2\x64\graalvm-community-openjdk-23.0.2+7.1\bin\verify.dll
Event: 0.113 Loaded shared library C:\hostedtoolcache\windows\graalvm-community-jdk-23.0.2_windows-x64_bin\23.0.2\x64\graalvm-community-openjdk-23.0.2+7.1\bin\jimage.dll
Event: 0.319 Loaded shared library C:\Users\Administrator\AppData\Local\Temp\jansi-2.3.4-e4893d7f8ea7ef45-jansi.dll

Deoptimization events (20 events):
Event: 20.282 Thread 0x000001fb950ec140 Uncommon trap: trap_request=0xffffffed fr.pc=0x000001fba79f4d5b relative=0x000000000000049b
Event: 20.282 Thread 0x000001fb950ec140 Uncommon trap: reason=null_assert_or_unreached0 action=reinterpret pc=0x000001fba79f4d5b method=java.util.zip.ZipFile$Source.getEntryPos(Ljava/lang/String;Z)I @ 0 jvmci
Event: 20.282 Thread 0x000001fb950ec140 DEOPT PACKING pc=0x000001fba79f4d5b sp=0x000000b302ffd990
Event: 20.282 Thread 0x000001fb950ec140 DEOPT UNPACKING pc=0x000001fba72c89a3 sp=0x000000b302ffce18 mode 3
Event: 20.282 Thread 0x000001fb950ec140 Uncommon trap: trap_request=0xffffffed fr.pc=0x000001fba7a5c7f9 relative=0x00000000000002d9
Event: 20.282 Thread 0x000001fb950ec140 Uncommon trap: reason=null_assert_or_unreached0 action=reinterpret pc=0x000001fba7a5c7f9 method=java.util.zip.ZipCoder$UTF8ZipCoder.compare(Ljava/lang/String;[BIIZ)Ljava/util/zip/ZipCoder$Comparison; @ 0 jvmci
Event: 20.282 Thread 0x000001fb950ec140 DEOPT PACKING pc=0x000001fba7a5c7f9 sp=0x000000b302ffd8b0
Event: 20.282 Thread 0x000001fb950ec140 DEOPT UNPACKING pc=0x000001fba72c89a3 sp=0x000000b302ffcd78 mode 3
Event: 20.282 Thread 0x000001fb950ec140 Uncommon trap: trap_request=0xffffffed fr.pc=0x000001fba7bc8bf8 relative=0x00000000000019f8
Event: 20.282 Thread 0x000001fb950ec140 Uncommon trap: reason=null_assert_or_unreached0 action=reinterpret pc=0x000001fba7bc8bf8 method=org.apache.bcel.classfile.JavaClass.<init>(IILjava/lang/String;IIILorg/apache/bcel/classfile/ConstantPool;[I[Lorg/apache/bcel/classfile/Field;[Lorg/apache/bcel
Event: 20.282 Thread 0x000001fb950ec140 DEOPT PACKING pc=0x000001fba7bc8bf8 sp=0x000000b302ffd950
Event: 20.282 Thread 0x000001fb950ec140 DEOPT UNPACKING pc=0x000001fba72c89a3 sp=0x000000b302ffcde0 mode 3
Event: 20.282 Thread 0x000001fb950ec140 Uncommon trap: trap_request=0xffffffed fr.pc=0x000001fba7982bbb relative=0x00000000000001fb
Event: 20.282 Thread 0x000001fb950ec140 Uncommon trap: reason=null_assert_or_unreached0 action=reinterpret pc=0x000001fba7982bbb method=java.util.HashSet.add(Ljava/lang/Object;)Z @ 0 jvmci
Event: 20.282 Thread 0x000001fb950ec140 DEOPT PACKING pc=0x000001fba7982bbb sp=0x000000b302ffd590
Event: 20.282 Thread 0x000001fb950ec140 DEOPT UNPACKING pc=0x000001fba72c89a3 sp=0x000000b302ffca38 mode 3
Event: 20.282 Thread 0x000001fb950ec140 Uncommon trap: trap_request=0xffffffed fr.pc=0x000001fba78c2bd9 relative=0x00000000000001b9
Event: 20.282 Thread 0x000001fb950ec140 Uncommon trap: reason=null_assert_or_unreached0 action=reinterpret pc=0x000001fba78c2bd9 method=java.util.HashMap.put(Ljava/lang/Object;Ljava/lang/Object;)Ljava/lang/Object; @ 0 jvmci
Event: 20.282 Thread 0x000001fb950ec140 DEOPT PACKING pc=0x000001fba78c2bd9 sp=0x000000b302ffd510
Event: 20.282 Thread 0x000001fb950ec140 DEOPT UNPACKING pc=0x000001fba72c89a3 sp=0x000000b302ffc9c8 mode 3

Classes loaded (20 events):
Event: 9.943 Loading class java/nio/ByteBufferAsIntBufferL
Event: 9.943 Loading class java/nio/ByteBufferAsIntBufferL done
Event: 9.954 Loading class java/util/stream/StreamSpliterators$WrappingSpliterator
Event: 9.954 Loading class java/util/stream/StreamSpliterators$AbstractWrappingSpliterator
Event: 9.954 Loading class java/util/stream/StreamSpliterators$AbstractWrappingSpliterator done
Event: 9.954 Loading class java/util/stream/StreamSpliterators$WrappingSpliterator done
Event: 9.966 Loading class jdk/internal/jrtfs/JrtDirectoryStream$1
Event: 9.966 Loading class jdk/internal/jrtfs/JrtDirectoryStream$1 done
Event: 9.966 Loading class java/util/stream/StreamSpliterators
Event: 9.966 Loading class java/util/stream/StreamSpliterators done
Event: 9.966 Loading class java/util/function/BooleanSupplier
Event: 9.966 Loading class java/util/function/BooleanSupplier done
Event: 10.115 Loading class java/io/CharArrayReader
Event: 10.116 Loading class java/io/CharArrayReader done
Event: 10.116 Loading class java/io/CharArrayWriter
Event: 10.116 Loading class java/io/CharArrayWriter done
Event: 10.116 Loading class java/lang/ThreadLocal$SuppliedThreadLocal
Event: 10.116 Loading class java/lang/ThreadLocal$SuppliedThreadLocal done
Event: 10.119 Loading class java/lang/invoke/DirectMethodHandle$Special
Event: 10.119 Loading class java/lang/invoke/DirectMethodHandle$Special done

Classes unloaded (0 events):
No events

Classes redefined (0 events):
No events

Internal exceptions (20 events):
Event: 5.253 Thread 0x000001fb950ec140 Exception <a 'java/lang/NoClassDefFoundError'{0x0000000705e72948}: org/apache/maven/doxia/sink/Locator> (0x0000000705e72948) 
thrown [s\src\hotspot\share\classfile\systemDictionary.cpp, line 302]
Event: 5.253 Thread 0x000001fb950ec140 Exception <a 'java/lang/NoClassDefFoundError'{0x0000000705e7d750}: org/apache/maven/doxia/sink/Locator> (0x0000000705e7d750) 
thrown [s\src\hotspot\share\classfile\systemDictionary.cpp, line 302]
Event: 5.777 Thread 0x000001fb950ec140 Exception <a 'java/lang/NoSuchMethodError'{0x0000000701852bb8}: 'java.lang.Object java.lang.invoke.DirectMethodHandle$Holder.invokeInterface(java.lang.Object, java.lang.Object, java.lang.Object, java.lang.Object, java.lang.Object)'> (0x0000000701852bb8) 
thrown [s\src\hotspot\share\interpreter\linkResolver.cpp, line 796]
Event: 5.797 Thread 0x000001fb950ec140 Exception <a 'java/lang/NoSuchMethodError'{0x000000070140a340}: 'void java.lang.invoke.DirectMethodHandle$Holder.invokeInterface(java.lang.Object, java.lang.Object, java.lang.Object)'> (0x000000070140a340) 
thrown [s\src\hotspot\share\interpreter\linkResolver.cpp, line 796]
Event: 6.027 Thread 0x000001fb950ec140 Implicit null exception at 0x000001fba7a32a47 to 0x000001fba7a33499
Event: 6.029 Thread 0x000001fb950ec140 Implicit null exception at 0x000001fba7a09e6d to 0x000001fba7a0a8b9
Event: 6.186 Thread 0x000001fb950ec140 Exception <a 'java/lang/NoClassDefFoundError'{0x00000007044c04a0}: org/apache/maven/doxia/sink/Locator> (0x00000007044c04a0) 
thrown [s\src\hotspot\share\classfile\systemDictionary.cpp, line 302]
Event: 6.191 Thread 0x000001fb950ec140 Exception <a 'java/lang/NoClassDefFoundError'{0x0000000704511ff8}: org/apache/maven/doxia/sink/Locator> (0x0000000704511ff8) 
thrown [s\src\hotspot\share\classfile\systemDictionary.cpp, line 302]
Event: 6.192 Thread 0x000001fb950ec140 Exception <a 'java/lang/NoClassDefFoundError'{0x000000070451d198}: org/apache/maven/doxia/sink/Locator> (0x000000070451d198) 
thrown [s\src\hotspot\share\classfile\systemDictionary.cpp, line 302]
Event: 6.331 Thread 0x000001fb950ec140 Exception <a 'java/lang/NoSuchMethodError'{0x0000000703bf6410}: 'java.lang.Object java.lang.invoke.DirectMethodHandle$Holder.newInvokeSpecial(java.lang.Object, java.lang.Object, java.lang.Object, java.lang.Object, java.lang.Object, java.lang.Object)'> (0x0000000703bf6410) 
thrown [s\src\hotspot\share\interpreter\linkResolver.cpp, line 796]
Event: 6.343 Thread 0x000001fb950ec140 Exception <a 'java/lang/NoSuchMethodError'{0x00000007039632a0}: 'int java.lang.invoke.DirectMethodHandle$Holder.invokeVirtual(java.lang.Object, java.lang.Object)'> (0x00000007039632a0) 
thrown [s\src\hotspot\share\interpreter\linkResolver.cpp, line 796]
Event: 6.355 Thread 0x000001fb950ec140 Exception <a 'java/lang/NoSuchMethodError'{0x00000007036ecc78}: 'java.lang.Object java.lang.invoke.DirectMethodHandle$Holder.invokeInterface(java.lang.Object, java.lang.Object, java.lang.Object, java.lang.Object)'> (0x00000007036ecc78) 
thrown [s\src\hotspot\share\interpreter\linkResolver.cpp, line 796]
Event: 6.356 Thread 0x000001fb950ec140 Exception <a 'java/lang/IncompatibleClassChangeError'{0x00000007036f0980}: Found class java.lang.Object, but interface was expected> (0x00000007036f0980) 
thrown [s\src\hotspot\share\interpreter\linkResolver.cpp, line 863]
Event: 6.439 Thread 0x000001fb950ec140 Exception <a 'java/lang/NoSuchMethodError'{0x0000000702f72f20}: 'double java.lang.invoke.DirectMethodHandle$Holder.invokeStatic(java.lang.Object, java.lang.Object)'> (0x0000000702f72f20) 
thrown [s\src\hotspot\share\interpreter\linkResolver.cpp, line 796]
Event: 6.508 Thread 0x000001fb950ec140 Exception <a 'java/lang/NoSuchMethodError'{0x0000000713351900}: 'java.lang.Object java.lang.invoke.DirectMethodHandle$Holder.invokeInterface(java.lang.Object, java.lang.Object)'> (0x0000000713351900) 
thrown [s\src\hotspot\share\interpreter\linkResolver.cpp, line 796]
Event: 6.511 Thread 0x000001fb950ec140 Implicit null exception at 0x000001fba79cc90d to 0x000001fba79ccfbd
Event: 6.598 Thread 0x000001fb950ec140 Implicit null exception at 0x000001fba78bb4f0 to 0x000001fba78bb793
Event: 6.598 Thread 0x000001fb950ec140 Implicit null exception at 0x000001fba78c18f0 to 0x000001fba78c1b93
Event: 9.757 Thread 0x000001fb950ec140 Exception <a 'java/lang/NoSuchMethodError'{0x0000000706b207e0}: 'int java.lang.invoke.DirectMethodHandle$Holder.invokeStatic(java.lang.Object, java.lang.Object, java.lang.Object, java.lang.Object)'> (0x0000000706b207e0) 
thrown [s\src\hotspot\share\interpreter\linkResolver.cpp, line 796]
Event: 9.898 Thread 0x000001fb950ec140 Exception <a 'java/lang/NoSuchMethodError'{0x0000000706948ee8}: 'int java.lang.invoke.DirectMethodHandle$Holder.invokeStaticInit(java.lang.Object, java.lang.Object, java.lang.Object)'> (0x0000000706948ee8) 
thrown [s\src\hotspot\share\interpreter\linkResolver.cpp, line 796]

VM Operations (20 events):
Event: 23.327 Executing VM operation: G1CollectForAllocation (G1 Evacuation Pause) done
Event: 24.311 Executing VM operation: G1CollectForAllocation (G1 Evacuation Pause)
Event: 24.318 Executing VM operation: G1CollectForAllocation (G1 Evacuation Pause) done
Event: 24.402 Executing VM operation: G1PauseRemark
Event: 24.410 Executing VM operation: G1PauseRemark done
Event: 24.436 Executing VM operation: G1PauseCleanup
Event: 24.436 Executing VM operation: G1PauseCleanup done
Event: 25.179 Executing VM operation: G1CollectForAllocation (G1 Evacuation Pause)
Event: 25.188 Executing VM operation: G1CollectForAllocation (G1 Evacuation Pause) done
Event: 25.837 Executing VM operation: G1CollectForAllocation (G1 Evacuation Pause)
Event: 25.846 Executing VM operation: G1CollectForAllocation (G1 Evacuation Pause) done
Event: 26.576 Executing VM operation: G1CollectForAllocation (G1 Evacuation Pause)
Event: 26.585 Executing VM operation: G1CollectForAllocation (G1 Evacuation Pause) done
Event: 27.144 Executing VM operation: G1CollectForAllocation (G1 Evacuation Pause)
Event: 27.155 Executing VM operation: G1CollectForAllocation (G1 Evacuation Pause) done
Event: 27.913 Executing VM operation: G1CollectForAllocation (G1 Evacuation Pause)
Event: 27.924 Executing VM operation: G1CollectForAllocation (G1 Evacuation Pause) done
Event: 28.902 Executing VM operation: G1CollectForAllocation (G1 Evacuation Pause)
Event: 28.916 Executing VM operation: G1CollectForAllocation (G1 Evacuation Pause) done
Event: 29.908 Executing VM operation: G1CollectForAllocation (G1 Evacuation Pause)

Memory protections (0 events):
No events

Nmethod flushes (20 events):
Event: 24.409 Thread 0x000001fbb668ecc0 flushing  nmethod 0x000001fba04a0908
Event: 24.409 Thread 0x000001fbb668ecc0 flushing osr nmethod 0x000001fba04b7608
Event: 24.409 Thread 0x000001fbb668ecc0 flushing  nmethod 0x000001fba04fb188
Event: 24.409 Thread 0x000001fbb668ecc0 flushing  nmethod 0x000001fba0521688
Event: 24.409 Thread 0x000001fbb668ecc0 flushing  nmethod 0x000001fba0551d08
Event: 24.409 Thread 0x000001fbb668ecc0 flushing  nmethod 0x000001fba0552208
Event: 24.409 Thread 0x000001fbb668ecc0 flushing  nmethod 0x000001fba0552508
Event: 24.409 Thread 0x000001fbb668ecc0 flushing  nmethod 0x000001fba0552e08
Event: 24.409 Thread 0x000001fbb668ecc0 flushing  nmethod 0x000001fba0553208
Event: 24.409 Thread 0x000001fbb668ecc0 flushing  nmethod 0x000001fba0556a08
Event: 24.409 Thread 0x000001fbb668ecc0 flushing  nmethod 0x000001fba0557208
Event: 24.409 Thread 0x000001fbb668ecc0 flushing  nmethod 0x000001fba0558708
Event: 24.409 Thread 0x000001fbb668ecc0 flushing  nmethod 0x000001fba0558e88
Event: 24.409 Thread 0x000001fbb668ecc0 flushing  nmethod 0x000001fba05be008
Event: 24.409 Thread 0x000001fbb668ecc0 flushing  nmethod 0x000001fba067d488
Event: 24.409 Thread 0x000001fbb668ecc0 flushing  nmethod 0x000001fba06b1688
Event: 24.409 Thread 0x000001fbb668ecc0 flushing  nmethod 0x000001fba06b1988
Event: 24.409 Thread 0x000001fbb668ecc0 flushing  nmethod 0x000001fba06cea88
Event: 24.409 Thread 0x000001fbb668ecc0 flushing osr nmethod 0x000001fba06fdd88
Event: 24.409 Thread 0x000001fbb668ecc0 flushing  nmethod 0x000001fba0725808

Events (13 events):
Event: 0.031 Thread 0x000001fb950ec140 Thread added: 0x000001fb950ec140
Event: 0.047 Thread 0x000001fb950ec140 Thread added: 0x000001fbb66a8bb0
Event: 0.047 Thread 0x000001fb950ec140 Thread added: 0x000001fbb66abed0
Event: 0.047 Thread 0x000001fb950ec140 Thread added: 0x000001fbb66adb90
Event: 0.047 Thread 0x000001fb950ec140 Thread added: 0x000001fbb66ae5f0
Event: 0.047 Thread 0x000001fb950ec140 Thread added: 0x000001fbb66af050
Event: 0.048 Thread 0x000001fb950ec140 Thread added: 0x000001fbb66b6d30
Event: 0.048 Thread 0x000001fb950ec140 Thread added: 0x000001fbb66bafc0
Event: 0.048 Thread 0x000001fb950ec140 Thread added: 0x000001fbb66bc190
Event: 0.075 Thread 0x000001fb950ec140 Thread added: 0x000001fbb67925f0
Event: 0.082 Thread 0x000001fbb66bc190 Thread added: 0x000001fbb66bcf30
Event: 0.097 Thread 0x000001fb950ec140 Thread added: 0x000001fbb683db70
Event: 16.380 Thread 0x000001fbb66bcf30 Thread exited: 0x000001fbb66bcf30


Dynamic libraries:
0x00007ff6b1850000 - 0x00007ff6b185e000 	C:\hostedtoolcache\windows\graalvm-community-jdk-23.0.2_windows-x64_bin\23.0.2\x64\graalvm-community-openjdk-23.0.2+7.1\bin\java.exe
0x00007ffd7a640000 - 0x00007ffd7a841000 	C:\Windows\SYSTEM32\ntdll.dll
0x00007ffd79440000 - 0x00007ffd794fe000 	C:\Windows\System32\KERNEL32.DLL
0x00007ffd77e00000 - 0x00007ffd78170000 	C:\Windows\System32\KERNELBASE.dll
0x00007ffd782d0000 - 0x00007ffd783e0000 	C:\Windows\System32\ucrtbase.dll
0x00007ffd664c0000 - 0x00007ffd664d7000 	C:\hostedtoolcache\windows\graalvm-community-jdk-23.0.2_windows-x64_bin\23.0.2\x64\graalvm-community-openjdk-23.0.2+7.1\bin\jli.dll
0x00007ffd65930000 - 0x00007ffd6594b000 	C:\hostedtoolcache\windows\graalvm-community-jdk-23.0.2_windows-x64_bin\23.0.2\x64\graalvm-community-openjdk-23.0.2+7.1\bin\VCRUNTIME140.dll
0x00007ffd78730000 - 0x00007ffd788d5000 	C:\Windows\System32\USER32.dll
0x00007ffd77ce0000 - 0x00007ffd77d06000 	C:\Windows\System32\win32u.dll
0x00007ffd613c0000 - 0x00007ffd61665000 	C:\Windows\WinSxS\amd64_microsoft.windows.common-controls_6595b64144ccf1df_6.0.20348.2849_none_947683b1eef1cae2\COMCTL32.dll
0x00007ffd78dd0000 - 0x00007ffd78dfc000 	C:\Windows\System32\GDI32.dll
0x00007ffd78570000 - 0x00007ffd78613000 	C:\Windows\System32\msvcrt.dll
0x00007ffd77bc0000 - 0x00007ffd77cdb000 	C:\Windows\System32\gdi32full.dll
0x00007ffd78170000 - 0x00007ffd78210000 	C:\Windows\System32\msvcp_win.dll
0x00007ffd6a460000 - 0x00007ffd6a46c000 	C:\hostedtoolcache\windows\graalvm-community-jdk-23.0.2_windows-x64_bin\23.0.2\x64\graalvm-community-openjdk-23.0.2+7.1\bin\vcruntime140_1.dll
0x00007ffd64690000 - 0x00007ffd6471e000 	C:\hostedtoolcache\windows\graalvm-community-jdk-23.0.2_windows-x64_bin\23.0.2\x64\graalvm-community-openjdk-23.0.2+7.1\bin\msvcp140.dll
0x00007ffd4ffb0000 - 0x00007ffd50cff000 	C:\hostedtoolcache\windows\graalvm-community-jdk-23.0.2_windows-x64_bin\23.0.2\x64\graalvm-community-openjdk-23.0.2+7.1\bin\server\jvm.dll
0x00007ffd79380000 - 0x00007ffd79431000 	C:\Windows\System32\ADVAPI32.dll
0x00007ffd78e80000 - 0x00007ffd78f22000 	C:\Windows\System32\sechost.dll
0x00007ffd783e0000 - 0x00007ffd78407000 	C:\Windows\System32\bcrypt.dll
0x00007ffd7a480000 - 0x00007ffd7a59e000 	C:\Windows\System32\RPCRT4.dll
0x00007ffd78f90000 - 0x00007ffd79001000 	C:\Windows\System32\WS2_32.dll
0x00007ffd77a80000 - 0x00007ffd77acd000 	C:\Windows\SYSTEM32\POWRPROF.dll
0x00007ffd6be60000 - 0x00007ffd6be87000 	C:\Windows\SYSTEM32\WINMM.dll
0x00007ffd6d190000 - 0x00007ffd6d19a000 	C:\Windows\SYSTEM32\VERSION.dll
0x00007ffd77a60000 - 0x00007ffd77a73000 	C:\Windows\SYSTEM32\UMPDC.dll
0x00007ffd764b0000 - 0x00007ffd764c7000 	C:\Windows\SYSTEM32\kernel.appcore.dll
0x00007ffd6a2f0000 - 0x00007ffd6a2fa000 	C:\hostedtoolcache\windows\graalvm-community-jdk-23.0.2_windows-x64_bin\23.0.2\x64\graalvm-community-openjdk-23.0.2+7.1\bin\jimage.dll
0x00007ffd6b4a0000 - 0x00007ffd6b6b1000 	C:\Windows\SYSTEM32\DBGHELP.DLL
0x00007ffd6a870000 - 0x00007ffd6a8a0000 	C:\Windows\SYSTEM32\dbgcore.DLL
0x00007ffd77d10000 - 0x00007ffd77d8f000 	C:\Windows\System32\bcryptPrimitives.dll
0x00007ffd65880000 - 0x00007ffd6589e000 	C:\hostedtoolcache\windows\graalvm-community-jdk-23.0.2_windows-x64_bin\23.0.2\x64\graalvm-community-openjdk-23.0.2+7.1\bin\java.dll
0x00007ffd79500000 - 0x00007ffd79636000 	C:\Windows\System32\ole32.dll
0x00007ffd79010000 - 0x00007ffd79380000 	C:\Windows\System32\combase.dll
0x00007ffd79d20000 - 0x00007ffd7a47a000 	C:\Windows\System32\SHELL32.dll
0x00007ffd6bf10000 - 0x00007ffd6c753000 	C:\Windows\SYSTEM32\windows.storage.dll
0x00007ffd78a70000 - 0x00007ffd78b5a000 	C:\Windows\System32\SHCORE.dll
0x00007ffd78620000 - 0x00007ffd7867f000 	C:\Windows\System32\shlwapi.dll
0x00007ffd77af0000 - 0x00007ffd77b11000 	C:\Windows\SYSTEM32\profapi.dll
0x00007ffd58c70000 - 0x00007ffd58d47000 	C:\hostedtoolcache\windows\graalvm-community-jdk-23.0.2_windows-x64_bin\23.0.2\x64\graalvm-community-openjdk-23.0.2+7.1\bin\jsvml.dll
0x00007ffd424e0000 - 0x00007ffd44ac3000 	C:\hostedtoolcache\windows\graalvm-community-jdk-23.0.2_windows-x64_bin\23.0.2\x64\graalvm-community-openjdk-23.0.2+7.1\bin\jvmcicompiler.dll
0x00007ffd78db0000 - 0x00007ffd78db8000 	C:\Windows\System32\PSAPI.DLL
0x00007ffd78410000 - 0x00007ffd7856f000 	C:\Windows\System32\CRYPT32.dll
0x00007ffd771c0000 - 0x00007ffd771ee000 	C:\Windows\SYSTEM32\USERENV.dll
0x00007ffd77430000 - 0x00007ffd7745f000 	C:\Windows\SYSTEM32\ncrypt.dll
0x00007ffd76de0000 - 0x00007ffd76e0d000 	C:\Windows\SYSTEM32\IPHLPAPI.DLL
0x00007ffd770c0000 - 0x00007ffd77128000 	C:\Windows\SYSTEM32\MSWSOCK.dll
0x00007ffd773f0000 - 0x00007ffd77427000 	C:\Windows\SYSTEM32\NTASN1.dll
0x00007ffd67940000 - 0x00007ffd67950000 	C:\hostedtoolcache\windows\graalvm-community-jdk-23.0.2_windows-x64_bin\23.0.2\x64\graalvm-community-openjdk-23.0.2+7.1\bin\net.dll
0x00007ffd65510000 - 0x00007ffd65526000 	C:\hostedtoolcache\windows\graalvm-community-jdk-23.0.2_windows-x64_bin\23.0.2\x64\graalvm-community-openjdk-23.0.2+7.1\bin\nio.dll
0x00007ffd65420000 - 0x00007ffd65437000 	C:\hostedtoolcache\windows\graalvm-community-jdk-23.0.2_windows-x64_bin\23.0.2\x64\graalvm-community-openjdk-23.0.2+7.1\bin\zip.dll
0x00007ffd67860000 - 0x00007ffd67870000 	C:\hostedtoolcache\windows\graalvm-community-jdk-23.0.2_windows-x64_bin\23.0.2\x64\graalvm-community-openjdk-23.0.2+7.1\bin\verify.dll
0x0000000069ac0000 - 0x0000000069ae4000 	C:\Users\Administrator\AppData\Local\Temp\jansi-2.3.4-e4893d7f8ea7ef45-jansi.dll

dbghelp: loaded successfully - version: 4.0.5 - missing functions: none
symbol engine: initialized successfully - sym options: 0x614 - pdb path: .;C:\hostedtoolcache\windows\graalvm-community-jdk-23.0.2_windows-x64_bin\23.0.2\x64\graalvm-community-openjdk-23.0.2+7.1\bin;C:\Windows\SYSTEM32;C:\Windows\WinSxS\amd64_microsoft.windows.common-controls_6595b64144ccf1df_6.0.20348.2849_none_947683b1eef1cae2;C:\hostedtoolcache\windows\graalvm-community-jdk-23.0.2_windows-x64_bin\23.0.2\x64\graalvm-community-openjdk-23.0.2+7.1\bin\server;C:\Users\Administrator\AppData\Local\Temp

VM Arguments:
jvm_args: -XX:ThreadPriorityPolicy=1 -XX:+UnlockExperimentalVMOptions -XX:+EnableJVMCIProduct -XX:-UnlockExperimentalVMOptions -Dmaven.multiModuleProjectDirectory=C:\Users\ADMINI~1\AppData\Local\Temp\junit-7163463755445280440 
java_command: org.apache.maven.wrapper.MavenWrapperMain site --file C:\Users\ADMINI~1\AppData\Local\Temp\junit-7163463755445280440\licenses5842246585675316268\pom.xml
java_class_path (initial): C:\Users\ADMINI~1\AppData\Local\Temp\junit-7163463755445280440\.mvn\wrapper\maven-wrapper.jar
Launcher Type: SUN_STANDARD

[Global flags]
     intx CICompilerCount                          = 3                                         {product} {ergonomic}
     uint ConcGCThreads                            = 2                                         {product} {ergonomic}
     bool EnableJVMCIProduct                       = true                                {JVMCI product} {jimage}
     uint G1ConcRefinementThreads                  = 6                                         {product} {ergonomic}
   size_t G1HeapRegionSize                         = 2097152                                   {product} {ergonomic}
   size_t InitialHeapSize                          = 268435456                                 {product} {ergonomic}
   size_t MarkStackSize                            = 4194304                                   {product} {ergonomic}
   size_t MarkStackSizeMax                         = 536870912                                 {product} {ergonomic}
   size_t MaxHeapSize                              = 4294967296                                {product} {ergonomic}
   size_t MaxNewSize                               = 2575302656                                {product} {ergonomic}
   size_t MinHeapDeltaBytes                        = 2097152                                   {product} {ergonomic}
   size_t MinHeapSize                              = 8388608                                   {product} {ergonomic}
    uintx NonNMethodCodeHeapSize                   = 6356992                                {pd product} {ergonomic}
    uintx NonProfiledCodeHeapSize                  = 122683392                              {pd product} {ergonomic}
    uintx ProfiledCodeHeapSize                     = 122617856                              {pd product} {ergonomic}
    uintx ReservedCodeCacheSize                    = 251658240                              {pd product} {ergonomic}
     bool SegmentedCodeCache                       = true                                      {product} {ergonomic}
   size_t SoftMaxHeapSize                          = 4294967296                             {manageable} {ergonomic}
      int ThreadPriorityPolicy                     = 1                                         {product} {jimage}
     bool UseCompressedOops                        = true                           {product lp64_product} {ergonomic}
     bool UseG1GC                                  = true                                      {product} {ergonomic}
     bool UseLargePagesIndividualAllocation        = false                                  {pd product} {ergonomic}

Logging:
Log output configuration:
 #0: stdout all=warning uptime,level,tags foldmultilines=false
 #1: stderr all=off uptime,level,tags foldmultilines=false

Environment Variables:
JAVA_HOME=C:\hostedtoolcache\windows\graalvm-community-jdk-23.0.2_windows-x64_bin\23.0.2\x64\graalvm-community-openjdk-23.0.2+7.1
CLASSPATH=C:\actions-runner\_work\vmware-app-analyzer-upgrades\vmware-app-analyzer-upgrades\\gradle\wrapper\gradle-wrapper.jar
PATH=C:\Program Files\PowerShell\7;C:\hostedtoolcache\windows\gcloud\532.0.0\x64\bin;C:\hostedtoolcache\windows\graalvm-community-jdk-23.0.2_windows-x64_bin\23.0.2\x64\graalvm-community-openjdk-23.0.2+7.1\bin;C:\hostedtoolcache\windows\Java_Temurin-Hotspot_jdk\17.0.13-11\x64\bin;C:\hostedtoolcache\windows\Java_Temurin-Hotspot_jdk\11.0.25-9\x64\bin;C:\hostedtoolcache\windows\Java_Temurin-Hotspot_jdk\8.0.432-6\x64\bin;C:\Program Files\graalvm-jdk-23\bin;%PATH%;C:\Program Files\Microsoft VS Code\bin;C:\Strawberry\c\bin;C:\Strawberry\perl\site\bin;C:\Strawberry\perl\bin;C:\Users\Administrator\scoop\shims;c:\aliases;C:\Program Files (x86)\GitHub CLI;C:\Program Files\Git\bin;C:\Program Files (x86)\pipx_bin;C:\npm\prefix;C:\hostedtoolcache\windows\go\1.21.13\x64\bin;C:\hostedtoolcache\windows\Python\3.9.13\x64\Scripts;C:\hostedtoolcache\windows\Python\3.9.13\x64;C:\hostedtoolcache\windows\Ruby\3.0.7\x64\bin;C:\Program Files\OpenSSL\bin;C:\hostedtoolcache\windows\Java_Temurin-Hotspot_jdk\8.0.432-6\x64\bin;C:\Program Files\Microsoft SDKs\Azure\CLI2\wbin;C:\ProgramData\kind;C:\ProgramData\Chocolatey\bin;C:\Windows\system32;C:\Windows;C:\Windows\System32\Wbem;C:\Windows\System32\WindowsPowerShell\v1.0\;C:\Windows\System32\OpenSSH\;C:\Program Files\7-Zip;C:\Program Files\PowerShell\7\;C:\Program Files\Microsoft\Web Platform Installer\;C:\Program Files (x86)\WiX Toolset v3.14\bin;C:\ProgramData\chocolatey\lib\maven\apache-maven-3.8.7\bin;C:\Program Files\nodejs\;C:\Program Files\Git\cmd;C:\Program Files\Git\mingw64\bin;C:\Program Files\Git\usr\bin;C:\Program Files\GitHub CLI\;c:\tools\php;C:\Windows\system32\config\sy;C:\tools\msys64;C:\ProgramData\chocolatey\lib\gradle\tools\gradle-8.10.2\bin
USERNAME=Administrator
OS=Windows_NT
PROCESSOR_IDENTIFIER=Intel64 Family 6 Model 85 Stepping 7, GenuineIntel
TMP=C:\Users\ADMINI~1\AppData\Local\Temp
TEMP=C:\Users\ADMINI~1\AppData\Local\Temp




Periodic native trim disabled

---------------  S Y S T E M  ---------------

OS:
 Windows Server 2022 , 64 bit Build 20348 (10.0.20348.2849)
OS uptime: 225 days 4:51 hours
VMWare virtualization detected

CPU: total 6 (initial active 6) (6 cores per cpu, 1 threads per core) family 6 model 85 stepping 7 microcode 0x5003605, cx8, cmov, fxsr, mmx, 3dnowpref, sse, sse2, sse3, ssse3, sse4.1, sse4.2, popcnt, lzcnt, tsc, tscinvbit, avx, avx2, aes, erms, clmul, bmi1, bmi2, adx, avx512f, avx512dq, avx512cd, avx512bw, avx512vl, fma, vzeroupper, avx512_vnni, clflush, clflushopt, clwb, hv, rdtscp, f16c, pku
Processor Information for the first 6 processors :
  Max Mhz: 2095, Current Mhz: 2095, Mhz Limit: 2095

Memory: 4k page, system-wide physical 16383M (4284M free)
TotalPageFile size 20632M (AvailPageFile size 22M)
current process WorkingSet (physical memory assigned to process): 472M, peak: 483M
current process commit charge ("private bytes"): 520M, peak: 589M

vm_info: OpenJDK 64-Bit Server VM (23.0.2+7-jvmci-b01) for windows-amd64 JRE (23.0.2+7-jvmci-b01), built on 2024-12-11T12:45:19Z with MS VC++ 17.6 (VS2022)

END.
